[debug] [2017-09-02T19:12:38.916Z] ----------------------------------------------------------------------
[debug] [2017-09-02T19:12:38.919Z] Command:       /usr/local/bin/node /usr/local/bin/firebase serve --only functions
[debug] [2017-09-02T19:12:38.919Z] CLI Version:   3.10.0
[debug] [2017-09-02T19:12:38.919Z] Platform:      darwin
[debug] [2017-09-02T19:12:38.919Z] Node Version:  v7.8.0
[debug] [2017-09-02T19:12:38.920Z] Time:          Sat Sep 02 2017 21:12:38 GMT+0200 (CEST)
[debug] [2017-09-02T19:12:38.920Z] ----------------------------------------------------------------------
[debug] 
[debug] [2017-09-02T19:12:38.933Z] > command requires scopes: ["email","openid","https://www.googleapis.com/auth/cloudplatformprojects.readonly","https://www.googleapis.com/auth/firebase","https://www.googleapis.com/auth/cloud-platform"]
[debug] [2017-09-02T19:12:38.933Z] > authorizing via signed-in user
[debug] [2017-09-02T19:12:38.935Z] > refreshing access token with scopes: ["email","https://www.googleapis.com/auth/cloud-platform","https://www.googleapis.com/auth/cloudplatformprojects.readonly","https://www.googleapis.com/auth/firebase","openid"]
[debug] [2017-09-02T19:12:38.935Z] >>> HTTP REQUEST POST https://www.googleapis.com/oauth2/v3/token { refresh_token: '1/EdxMjnpHFa_QGHopZY40rfMyatA_iEmDDcwei3B4keM',
  client_id: '563584335869-fgrhgmd47bqnekij5i8b5pr03ho849e6.apps.googleusercontent.com',
  client_secret: 'j9iVZfS8kkCEFUPaAeJV0sAi',
  grant_type: 'refresh_token',
  scope: 'email https://www.googleapis.com/auth/cloud-platform https://www.googleapis.com/auth/cloudplatformprojects.readonly https://www.googleapis.com/auth/firebase openid' } 
 Sat Sep 02 2017 21:12:38 GMT+0200 (CEST)
[debug] [2017-09-02T19:12:39.121Z] <<< HTTP RESPONSE 200
[debug] [2017-09-02T19:12:39.137Z] >>> HTTP REQUEST GET https://admin.firebase.com/v1/projects/quant-72c21  
 Sat Sep 02 2017 21:12:39 GMT+0200 (CEST)
[debug] [2017-09-02T19:12:39.985Z] <<< HTTP RESPONSE 200
[debug] [2017-09-02T19:12:39.986Z] >>> HTTP REQUEST GET https://admin.firebase.com/v1/database/quant-72c21/tokens  
 Sat Sep 02 2017 21:12:39 GMT+0200 (CEST)
[debug] [2017-09-02T19:12:40.893Z] <<< HTTP RESPONSE 200
[info] 
[info] === Serving from '/Users/Jan/Developer/Angular/Quant'...
[info] 
[info] i  functions: Preparing to emulate HTTPS functions. Support for other event types coming soon.
[debug] [2017-09-02T19:12:41.293Z] Error: EACCES: permission denied, mkdir '/usr/local/lib/node_modules/firebase-tools/node_modules/@google-cloud/functions-emulator/logs'
    at Object.fs.mkdirSync (fs.js:895:18)
    at Object.assertLogsPath (/usr/local/lib/node_modules/firebase-tools/node_modules/@google-cloud/functions-emulator/src/emulator/logs.js:65:10)
    at new Controller (/usr/local/lib/node_modules/firebase-tools/node_modules/@google-cloud/functions-emulator/src/cli/controller.js:85:32)
    at Object._startEmulator [as start] (/usr/local/lib/node_modules/firebase-tools/lib/serve/functions.js:88:16)
    at /usr/local/lib/node_modules/firebase-tools/lib/serve/index.js:16:19
    at arrayMap (/usr/local/lib/node_modules/firebase-tools/node_modules/lodash/lodash.js:660:23)
    at Function.map (/usr/local/lib/node_modules/firebase-tools/node_modules/lodash/lodash.js:9571:14)
    at _serve (/usr/local/lib/node_modules/firebase-tools/lib/serve/index.js:14:21)
    at Command._action (/usr/local/lib/node_modules/firebase-tools/commands/serve.js:42:12)
    at /usr/local/lib/node_modules/firebase-tools/lib/command.js:176:29
[error] 
[error] Error: An unexpected error has occurred.
[debug] [2017-09-02T19:12:52.812Z] ----------------------------------------------------------------------
[debug] [2017-09-02T19:12:52.814Z] Command:       /usr/local/bin/node /usr/local/bin/firebase serve --only functions
[debug] [2017-09-02T19:12:52.815Z] CLI Version:   3.10.0
[debug] [2017-09-02T19:12:52.815Z] Platform:      darwin
[debug] [2017-09-02T19:12:52.815Z] Node Version:  v7.8.0
[debug] [2017-09-02T19:12:52.816Z] Time:          Sat Sep 02 2017 21:12:52 GMT+0200 (CEST)
[debug] [2017-09-02T19:12:52.816Z] ----------------------------------------------------------------------
[debug] 
[debug] [2017-09-02T19:12:52.828Z] > command requires scopes: ["email","openid","https://www.googleapis.com/auth/cloudplatformprojects.readonly","https://www.googleapis.com/auth/firebase","https://www.googleapis.com/auth/cloud-platform"]
[debug] [2017-09-02T19:12:52.829Z] > authorizing via signed-in user
[debug] [2017-09-02T19:12:52.831Z] >>> HTTP REQUEST GET https://admin.firebase.com/v1/projects/quant-72c21  
 Sat Sep 02 2017 21:12:52 GMT+0200 (CEST)
[debug] [2017-09-02T19:12:53.573Z] <<< HTTP RESPONSE 200
[debug] [2017-09-02T19:12:53.574Z] >>> HTTP REQUEST GET https://admin.firebase.com/v1/database/quant-72c21/tokens  
 Sat Sep 02 2017 21:12:53 GMT+0200 (CEST)
[debug] [2017-09-02T19:12:54.207Z] <<< HTTP RESPONSE 200
[info] 
[info] === Serving from '/Users/Jan/Developer/Angular/Quant'...
[info] 
[info] i  functions: Preparing to emulate HTTPS functions. Support for other event types coming soon.
[debug] [2017-09-02T19:12:54.530Z] Error: EACCES: permission denied, mkdir '/usr/local/lib/node_modules/firebase-tools/node_modules/@google-cloud/functions-emulator/logs'
    at Object.fs.mkdirSync (fs.js:895:18)
    at Object.assertLogsPath (/usr/local/lib/node_modules/firebase-tools/node_modules/@google-cloud/functions-emulator/src/emulator/logs.js:65:10)
    at new Controller (/usr/local/lib/node_modules/firebase-tools/node_modules/@google-cloud/functions-emulator/src/cli/controller.js:85:32)
    at Object._startEmulator [as start] (/usr/local/lib/node_modules/firebase-tools/lib/serve/functions.js:88:16)
    at /usr/local/lib/node_modules/firebase-tools/lib/serve/index.js:16:19
    at arrayMap (/usr/local/lib/node_modules/firebase-tools/node_modules/lodash/lodash.js:660:23)
    at Function.map (/usr/local/lib/node_modules/firebase-tools/node_modules/lodash/lodash.js:9571:14)
    at _serve (/usr/local/lib/node_modules/firebase-tools/lib/serve/index.js:14:21)
    at Command._action (/usr/local/lib/node_modules/firebase-tools/commands/serve.js:42:12)
    at /usr/local/lib/node_modules/firebase-tools/lib/command.js:176:29
[error] 
[error] Error: An unexpected error has occurred.
